This file contains any messages produced by compilers while
running configure, to aid debugging if configure makes a mistake.

It was created by smbc configure 1.2.2, which was
generated by GNU Autoconf 2.59.  Invocation command line was

  $ ./configure --prefix=/usr --with-debug --no-create --no-recursion

## --------- ##
## Platform. ##
## --------- ##

hostname = rafiml.dn
uname -m = i686
uname -r = 2.6.11-1.27_FC3
uname -s = Linux
uname -v = #1 Tue May 17 20:27:37 EDT 2005

/usr/bin/uname -p = unknown
/bin/uname -X     = unknown

/bin/arch              = i686
/usr/bin/arch -k       = unknown
/usr/convex/getsysinfo = unknown
hostinfo               = unknown
/bin/machine           = unknown
/usr/bin/oslevel       = unknown
/bin/universe          = unknown

PATH: /usr/kerberos/bin
PATH: /usr/local/bin
PATH: /bin
PATH: /usr/bin
PATH: /usr/X11R6/bin
PATH: /home/TeX/dist/bin/i386-linux
PATH: /home/rafim/bin


## ----------- ##
## Core tests. ##
## ----------- ##

configure:1401: checking for gcc
configure:1417: found /usr/bin/gcc
configure:1427: result: gcc
configure:1671: checking for C compiler version
configure:1674: gcc --version </dev/null >&5
gcc (GCC) 3.4.3 20050227 (Red Hat 3.4.3-22.fc3)
Copyright (C) 2004 Free Software Foundation, Inc.
This is free software; see the source for copying conditions.  There is NO
warranty; not even for MERCHANTABILITY or FITNESS FOR A PARTICULAR PURPOSE.

configure:1677: $? = 0
configure:1679: gcc -v </dev/null >&5
Reading specs from /usr/lib/gcc/i386-redhat-linux/3.4.3/specs
Configured with: ../configure --prefix=/usr --mandir=/usr/share/man --infodir=/usr/share/info --enable-shared --enable-threads=posix --disable-checking --with-system-zlib --enable-__cxa_atexit --disable-libunwind-exceptions --enable-java-awt=gtk --host=i386-redhat-linux
Thread model: posix
gcc version 3.4.3 20050227 (Red Hat 3.4.3-22.fc3)
configure:1682: $? = 0
configure:1684: gcc -V </dev/null >&5
gcc: `-V' option must have argument
configure:1687: $? = 1
configure:1710: checking for C compiler default output file name
configure:1713: gcc    conftest.c  >&5
configure:1716: $? = 0
configure:1762: result: a.out
configure:1767: checking whether the C compiler works
configure:1773: ./a.out
configure:1776: $? = 0
configure:1793: result: yes
configure:1800: checking whether we are cross compiling
configure:1802: result: no
configure:1805: checking for suffix of executables
configure:1807: gcc -o conftest    conftest.c  >&5
configure:1810: $? = 0
configure:1835: result: 
configure:1841: checking for suffix of object files
configure:1862: gcc -c   conftest.c >&5
configure:1865: $? = 0
configure:1887: result: o
configure:1891: checking whether we are using the GNU C compiler
configure:1915: gcc -c   conftest.c >&5
configure:1921: $? = 0
configure:1925: test -z 
			 || test ! -s conftest.err
configure:1928: $? = 0
configure:1931: test -s conftest.o
configure:1934: $? = 0
configure:1947: result: yes
configure:1953: checking whether gcc accepts -g
configure:1974: gcc -c -g  conftest.c >&5
configure:1980: $? = 0
configure:1984: test -z 
			 || test ! -s conftest.err
configure:1987: $? = 0
configure:1990: test -s conftest.o
configure:1993: $? = 0
configure:2004: result: yes
configure:2021: checking for gcc option to accept ANSI C
configure:2091: gcc  -c -g -O2  conftest.c >&5
configure:2097: $? = 0
configure:2101: test -z 
			 || test ! -s conftest.err
configure:2104: $? = 0
configure:2107: test -s conftest.o
configure:2110: $? = 0
configure:2128: result: none needed
configure:2146: gcc -c -g -O2  conftest.c >&5
conftest.c:2: error: syntax error before "me"
configure:2152: $? = 1
configure: failed program was:
| #ifndef __cplusplus
|   choke me
| #endif
configure:2286: checking for library containing strerror
configure:2316: gcc -o conftest -g -O2   conftest.c  >&5
configure:2322: $? = 0
configure:2326: test -z 
			 || test ! -s conftest.err
configure:2329: $? = 0
configure:2332: test -s conftest
configure:2335: $? = 0
configure:2405: result: none required
configure:2453: checking for a BSD-compatible install
configure:2508: result: /usr/bin/install -c
configure:2519: checking whether build environment is sane
configure:2562: result: yes
configure:2627: checking for gawk
configure:2643: found /bin/gawk
configure:2653: result: gawk
configure:2663: checking whether make sets $(MAKE)
configure:2683: result: yes
configure:2713: checking for style of include used by make
configure:2741: result: GNU
configure:2917: checking dependency style of gcc
configure:3007: result: gcc3
configure:3039: checking for a BSD-compatible install
configure:3094: result: /usr/bin/install -c
configure:3114: checking for dirent.h that defines DIR
configure:3138: gcc -c -g -O2  conftest.c >&5
configure:3144: $? = 0
configure:3148: test -z 
			 || test ! -s conftest.err
configure:3151: $? = 0
configure:3154: test -s conftest.o
configure:3157: $? = 0
configure:3168: result: yes
configure:3181: checking for library containing opendir
configure:3211: gcc -o conftest -g -O2   conftest.c  >&5
configure:3217: $? = 0
configure:3221: test -z 
			 || test ! -s conftest.err
configure:3224: $? = 0
configure:3227: test -s conftest
configure:3230: $? = 0
configure:3300: result: none required
configure:3441: checking how to run the C preprocessor
configure:3476: gcc -E  conftest.c
configure:3482: $? = 0
configure:3514: gcc -E  conftest.c
conftest.c:12:28: ac_nonexistent.h: No such file or directory
configure:3520: $? = 1
configure: failed program was:
| /* confdefs.h.  */
| 
| #define PACKAGE_NAME "smbc"
| #define PACKAGE_TARNAME "smbc"
| #define PACKAGE_VERSION "1.2.2"
| #define PACKAGE_STRING "smbc 1.2.2"
| #define PACKAGE_BUGREPORT "rafim@data.pl"
| #define PACKAGE "smbc"
| #define VERSION "1.2.2"
| #define HAVE_DIRENT_H 1
| /* end confdefs.h.  */
| #include <ac_nonexistent.h>
configure:3559: result: gcc -E
configure:3583: gcc -E  conftest.c
configure:3589: $? = 0
configure:3621: gcc -E  conftest.c
conftest.c:12:28: ac_nonexistent.h: No such file or directory
configure:3627: $? = 1
configure: failed program was:
| /* confdefs.h.  */
| 
| #define PACKAGE_NAME "smbc"
| #define PACKAGE_TARNAME "smbc"
| #define PACKAGE_VERSION "1.2.2"
| #define PACKAGE_STRING "smbc 1.2.2"
| #define PACKAGE_BUGREPORT "rafim@data.pl"
| #define PACKAGE "smbc"
| #define VERSION "1.2.2"
| #define HAVE_DIRENT_H 1
| /* end confdefs.h.  */
| #include <ac_nonexistent.h>
configure:3671: checking for egrep
configure:3681: result: grep -E
configure:3686: checking for ANSI C header files
configure:3711: gcc -c -g -O2  conftest.c >&5
configure:3717: $? = 0
configure:3721: test -z 
			 || test ! -s conftest.err
configure:3724: $? = 0
configure:3727: test -s conftest.o
configure:3730: $? = 0
configure:3819: gcc -o conftest -g -O2   conftest.c  >&5
configure:3822: $? = 0
configure:3824: ./conftest
configure:3827: $? = 0
configure:3842: result: yes
configure:3852: checking for sys/wait.h that is POSIX.1 compatible
configure:3883: gcc -c -g -O2  conftest.c >&5
configure:3889: $? = 0
configure:3893: test -z 
			 || test ! -s conftest.err
configure:3896: $? = 0
configure:3899: test -s conftest.o
configure:3902: $? = 0
configure:3913: result: yes
configure:3924: checking for ANSI C header files
configure:4080: result: yes
configure:4105: checking for sys/types.h
configure:4121: gcc -c -g -O2  conftest.c >&5
configure:4127: $? = 0
configure:4131: test -z 
			 || test ! -s conftest.err
configure:4134: $? = 0
configure:4137: test -s conftest.o
configure:4140: $? = 0
configure:4151: result: yes
configure:4105: checking for sys/stat.h
configure:4121: gcc -c -g -O2  conftest.c >&5
configure:4127: $? = 0
configure:4131: test -z 
			 || test ! -s conftest.err
configure:4134: $? = 0
configure:4137: test -s conftest.o
configure:4140: $? = 0
configure:4151: result: yes
configure:4105: checking for stdlib.h
configure:4121: gcc -c -g -O2  conftest.c >&5
configure:4127: $? = 0
configure:4131: test -z 
			 || test ! -s conftest.err
configure:4134: $? = 0
configure:4137: test -s conftest.o
configure:4140: $? = 0
configure:4151: result: yes
configure:4105: checking for string.h
configure:4121: gcc -c -g -O2  conftest.c >&5
configure:4127: $? = 0
configure:4131: test -z 
			 || test ! -s conftest.err
configure:4134: $? = 0
configure:4137: test -s conftest.o
configure:4140: $? = 0
configure:4151: result: yes
configure:4105: checking for memory.h
configure:4121: gcc -c -g -O2  conftest.c >&5
configure:4127: $? = 0
configure:4131: test -z 
			 || test ! -s conftest.err
configure:4134: $? = 0
configure:4137: test -s conftest.o
configure:4140: $? = 0
configure:4151: result: yes
configure:4105: checking for strings.h
configure:4121: gcc -c -g -O2  conftest.c >&5
configure:4127: $? = 0
configure:4131: test -z 
			 || test ! -s conftest.err
configure:4134: $? = 0
configure:4137: test -s conftest.o
configure:4140: $? = 0
configure:4151: result: yes
configure:4105: checking for inttypes.h
configure:4121: gcc -c -g -O2  conftest.c >&5
configure:4127: $? = 0
configure:4131: test -z 
			 || test ! -s conftest.err
configure:4134: $? = 0
configure:4137: test -s conftest.o
configure:4140: $? = 0
configure:4151: result: yes
configure:4105: checking for stdint.h
configure:4121: gcc -c -g -O2  conftest.c >&5
configure:4127: $? = 0
configure:4131: test -z 
			 || test ! -s conftest.err
configure:4134: $? = 0
configure:4137: test -s conftest.o
configure:4140: $? = 0
configure:4151: result: yes
configure:4105: checking for unistd.h
configure:4121: gcc -c -g -O2  conftest.c >&5
configure:4127: $? = 0
configure:4131: test -z 
			 || test ! -s conftest.err
configure:4134: $? = 0
configure:4137: test -s conftest.o
configure:4140: $? = 0
configure:4151: result: yes
configure:4177: checking libsmbclient.h usability
configure:4189: gcc -c -g -O2  conftest.c >&5
configure:4195: $? = 0
configure:4199: test -z 
			 || test ! -s conftest.err
configure:4202: $? = 0
configure:4205: test -s conftest.o
configure:4208: $? = 0
configure:4218: result: yes
configure:4222: checking libsmbclient.h presence
configure:4232: gcc -E  conftest.c
configure:4238: $? = 0
configure:4258: result: yes
configure:4293: checking for libsmbclient.h
configure:4300: result: yes
configure:4327: checking sys/socket.h usability
configure:4339: gcc -c -g -O2  conftest.c >&5
configure:4345: $? = 0
configure:4349: test -z 
			 || test ! -s conftest.err
configure:4352: $? = 0
configure:4355: test -s conftest.o
configure:4358: $? = 0
configure:4368: result: yes
configure:4372: checking sys/socket.h presence
configure:4382: gcc -E  conftest.c
configure:4388: $? = 0
configure:4408: result: yes
configure:4443: checking for sys/socket.h
configure:4450: result: yes
configure:4477: checking sys/param.h usability
configure:4489: gcc -c -g -O2  conftest.c >&5
configure:4495: $? = 0
configure:4499: test -z 
			 || test ! -s conftest.err
configure:4502: $? = 0
configure:4505: test -s conftest.o
configure:4508: $? = 0
configure:4518: result: yes
configure:4522: checking sys/param.h presence
configure:4532: gcc -E  conftest.c
configure:4538: $? = 0
configure:4558: result: yes
configure:4593: checking for sys/param.h
configure:4600: result: yes
configure:4627: checking sys/file.h usability
configure:4639: gcc -c -g -O2  conftest.c >&5
configure:4645: $? = 0
configure:4649: test -z 
			 || test ! -s conftest.err
configure:4652: $? = 0
configure:4655: test -s conftest.o
configure:4658: $? = 0
configure:4668: result: yes
configure:4672: checking sys/file.h presence
configure:4682: gcc -E  conftest.c
configure:4688: $? = 0
configure:4708: result: yes
configure:4743: checking for sys/file.h
configure:4750: result: yes
configure:4777: checking sys/time.h usability
configure:4789: gcc -c -g -O2  conftest.c >&5
configure:4795: $? = 0
configure:4799: test -z 
			 || test ! -s conftest.err
configure:4802: $? = 0
configure:4805: test -s conftest.o
configure:4808: $? = 0
configure:4818: result: yes
configure:4822: checking sys/time.h presence
configure:4832: gcc -E  conftest.c
configure:4838: $? = 0
configure:4858: result: yes
configure:4893: checking for sys/time.h
configure:4900: result: yes
configure:4927: checking arpa/inet.h usability
configure:4939: gcc -c -g -O2  conftest.c >&5
configure:4945: $? = 0
configure:4949: test -z 
			 || test ! -s conftest.err
configure:4952: $? = 0
configure:4955: test -s conftest.o
configure:4958: $? = 0
configure:4968: result: yes
configure:4972: checking arpa/inet.h presence
configure:4982: gcc -E  conftest.c
configure:4988: $? = 0
configure:5008: result: yes
configure:5043: checking for arpa/inet.h
configure:5050: result: yes
configure:5077: checking netinet/in.h usability
configure:5089: gcc -c -g -O2  conftest.c >&5
configure:5095: $? = 0
configure:5099: test -z 
			 || test ! -s conftest.err
configure:5102: $? = 0
configure:5105: test -s conftest.o
configure:5108: $? = 0
configure:5118: result: yes
configure:5122: checking netinet/in.h presence
configure:5132: gcc -E  conftest.c
configure:5138: $? = 0
configure:5158: result: yes
configure:5193: checking for netinet/in.h
configure:5200: result: yes
configure:5227: checking fcntl.h usability
configure:5239: gcc -c -g -O2  conftest.c >&5
configure:5245: $? = 0
configure:5249: test -z 
			 || test ! -s conftest.err
configure:5252: $? = 0
configure:5255: test -s conftest.o
configure:5258: $? = 0
configure:5268: result: yes
configure:5272: checking fcntl.h presence
configure:5282: gcc -E  conftest.c
configure:5288: $? = 0
configure:5308: result: yes
configure:5343: checking for fcntl.h
configure:5350: result: yes
configure:5377: checking libintl.h usability
configure:5389: gcc -c -g -O2  conftest.c >&5
configure:5395: $? = 0
configure:5399: test -z 
			 || test ! -s conftest.err
configure:5402: $? = 0
configure:5405: test -s conftest.o
configure:5408: $? = 0
configure:5418: result: yes
configure:5422: checking libintl.h presence
configure:5432: gcc -E  conftest.c
configure:5438: $? = 0
configure:5458: result: yes
configure:5493: checking for libintl.h
configure:5500: result: yes
configure:5527: checking popt.h usability
configure:5539: gcc -c -g -O2  conftest.c >&5
configure:5545: $? = 0
configure:5549: test -z 
			 || test ! -s conftest.err
configure:5552: $? = 0
configure:5555: test -s conftest.o
configure:5558: $? = 0
configure:5568: result: yes
configure:5572: checking popt.h presence
configure:5582: gcc -E  conftest.c
configure:5588: $? = 0
configure:5608: result: yes
configure:5643: checking for popt.h
configure:5650: result: yes
configure:5677: checking errno.h usability
configure:5689: gcc -c -g -O2  conftest.c >&5
configure:5695: $? = 0
configure:5699: test -z 
			 || test ! -s conftest.err
configure:5702: $? = 0
configure:5705: test -s conftest.o
configure:5708: $? = 0
configure:5718: result: yes
configure:5722: checking errno.h presence
configure:5732: gcc -E  conftest.c
configure:5738: $? = 0
configure:5758: result: yes
configure:5793: checking for errno.h
configure:5800: result: yes
configure:5827: checking time.h usability
configure:5839: gcc -c -g -O2  conftest.c >&5
configure:5845: $? = 0
configure:5849: test -z 
			 || test ! -s conftest.err
configure:5852: $? = 0
configure:5855: test -s conftest.o
configure:5858: $? = 0
configure:5868: result: yes
configure:5872: checking time.h presence
configure:5882: gcc -E  conftest.c
configure:5888: $? = 0
configure:5908: result: yes
configure:5943: checking for time.h
configure:5950: result: yes
configure:5977: checking termios.h usability
configure:5989: gcc -c -g -O2  conftest.c >&5
configure:5995: $? = 0
configure:5999: test -z 
			 || test ! -s conftest.err
configure:6002: $? = 0
configure:6005: test -s conftest.o
configure:6008: $? = 0
configure:6018: result: yes
configure:6022: checking termios.h presence
configure:6032: gcc -E  conftest.c
configure:6038: $? = 0
configure:6058: result: yes
configure:6093: checking for termios.h
configure:6100: result: yes
configure:6127: checking curses.h usability
configure:6139: gcc -c -g -O2  conftest.c >&5
configure:6145: $? = 0
configure:6149: test -z 
			 || test ! -s conftest.err
configure:6152: $? = 0
configure:6155: test -s conftest.o
configure:6158: $? = 0
configure:6168: result: yes
configure:6172: checking curses.h presence
configure:6182: gcc -E  conftest.c
configure:6188: $? = 0
configure:6208: result: yes
configure:6243: checking for curses.h
configure:6250: result: yes
configure:6277: checking dirent.h usability
configure:6289: gcc -c -g -O2  conftest.c >&5
configure:6295: $? = 0
configure:6299: test -z 
			 || test ! -s conftest.err
configure:6302: $? = 0
configure:6305: test -s conftest.o
configure:6308: $? = 0
configure:6318: result: yes
configure:6322: checking dirent.h presence
configure:6332: gcc -E  conftest.c
configure:6338: $? = 0
configure:6358: result: yes
configure:6393: checking for dirent.h
configure:6400: result: yes
configure:6427: checking signal.h usability
configure:6439: gcc -c -g -O2  conftest.c >&5
configure:6445: $? = 0
configure:6449: test -z 
			 || test ! -s conftest.err
configure:6452: $? = 0
configure:6455: test -s conftest.o
configure:6458: $? = 0
configure:6468: result: yes
configure:6472: checking signal.h presence
configure:6482: gcc -E  conftest.c
configure:6488: $? = 0
configure:6508: result: yes
configure:6543: checking for signal.h
configure:6550: result: yes
configure:6577: checking stdio.h usability
configure:6589: gcc -c -g -O2  conftest.c >&5
configure:6595: $? = 0
configure:6599: test -z 
			 || test ! -s conftest.err
configure:6602: $? = 0
configure:6605: test -s conftest.o
configure:6608: $? = 0
configure:6618: result: yes
configure:6622: checking stdio.h presence
configure:6632: gcc -E  conftest.c
configure:6638: $? = 0
configure:6658: result: yes
configure:6693: checking for stdio.h
configure:6700: result: yes
configure:6727: checking ctype.h usability
configure:6739: gcc -c -g -O2  conftest.c >&5
configure:6745: $? = 0
configure:6749: test -z 
			 || test ! -s conftest.err
configure:6752: $? = 0
configure:6755: test -s conftest.o
configure:6758: $? = 0
configure:6768: result: yes
configure:6772: checking ctype.h presence
configure:6782: gcc -E  conftest.c
configure:6788: $? = 0
configure:6808: result: yes
configure:6843: checking for ctype.h
configure:6850: result: yes
configure:6877: checking stdbool.h usability
configure:6889: gcc -c -g -O2  conftest.c >&5
configure:6895: $? = 0
configure:6899: test -z 
			 || test ! -s conftest.err
configure:6902: $? = 0
configure:6905: test -s conftest.o
configure:6908: $? = 0
configure:6918: result: yes
configure:6922: checking stdbool.h presence
configure:6932: gcc -E  conftest.c
configure:6938: $? = 0
configure:6958: result: yes
configure:6993: checking for stdbool.h
configure:7000: result: yes
configure:7027: checking iconv.h usability
configure:7039: gcc -c -g -O2  conftest.c >&5
configure:7045: $? = 0
configure:7049: test -z 
			 || test ! -s conftest.err
configure:7052: $? = 0
configure:7055: test -s conftest.o
configure:7058: $? = 0
configure:7068: result: yes
configure:7072: checking iconv.h presence
configure:7082: gcc -E  conftest.c
configure:7088: $? = 0
configure:7108: result: yes
configure:7143: checking for iconv.h
configure:7150: result: yes
configure:7179: checking whether NLS is requested
configure:7188: result: yes
configure:7226: checking for msgfmt
configure:7257: result: /usr/bin/msgfmt
configure:7266: checking for gmsgfmt
configure:7297: result: /usr/bin/msgfmt
configure:7336: checking for xgettext
configure:7367: result: /usr/bin/xgettext
configure:7407: checking for msgmerge
configure:7437: result: /usr/bin/msgmerge
configure:7478: checking build system type
configure:7496: result: i686-pc-linux-gnu
configure:7504: checking host system type
configure:7518: result: i686-pc-linux-gnu
configure:7567: checking for ranlib
configure:7583: found /usr/bin/ranlib
configure:7594: result: ranlib
configure:7606: checking for an ANSI C-conforming const
configure:7673: gcc -c -g -O2  conftest.c >&5
configure:7679: $? = 0
configure:7683: test -z 
			 || test ! -s conftest.err
configure:7686: $? = 0
configure:7689: test -s conftest.o
configure:7692: $? = 0
configure:7703: result: yes
configure:7714: checking for signed
configure:7735: gcc -c -g -O2  conftest.c >&5
configure:7741: $? = 0
configure:7745: test -z 
			 || test ! -s conftest.err
configure:7748: $? = 0
configure:7751: test -s conftest.o
configure:7754: $? = 0
configure:7765: result: yes
configure:7775: checking for inline
configure:7796: gcc -c -g -O2  conftest.c >&5
configure:7802: $? = 0
configure:7806: test -z 
			 || test ! -s conftest.err
configure:7809: $? = 0
configure:7812: test -s conftest.o
configure:7815: $? = 0
configure:7827: result: inline
configure:7846: checking for off_t
configure:7870: gcc -c -g -O2  conftest.c >&5
configure:7876: $? = 0
configure:7880: test -z 
			 || test ! -s conftest.err
configure:7883: $? = 0
configure:7886: test -s conftest.o
configure:7889: $? = 0
configure:7900: result: yes
configure:7912: checking for size_t
configure:7936: gcc -c -g -O2  conftest.c >&5
configure:7942: $? = 0
configure:7946: test -z 
			 || test ! -s conftest.err
configure:7949: $? = 0
configure:7952: test -s conftest.o
configure:7955: $? = 0
configure:7966: result: yes
configure:7979: checking for long long
configure:8001: gcc -o conftest -g -O2   conftest.c  >&5
configure:8007: $? = 0
configure:8011: test -z 
			 || test ! -s conftest.err
configure:8014: $? = 0
configure:8017: test -s conftest
configure:8020: $? = 0
configure:8032: result: yes
configure:8043: checking for long double
configure:8103: result: yes
configure:8114: checking for wchar_t
configure:8136: gcc -c -g -O2  conftest.c >&5
configure:8142: $? = 0
configure:8146: test -z 
			 || test ! -s conftest.err
configure:8149: $? = 0
configure:8152: test -s conftest.o
configure:8155: $? = 0
configure:8166: result: yes
configure:8177: checking for wint_t
configure:8199: gcc -c -g -O2  conftest.c >&5
configure:8205: $? = 0
configure:8209: test -z 
			 || test ! -s conftest.err
configure:8212: $? = 0
configure:8215: test -s conftest.o
configure:8218: $? = 0
configure:8229: result: yes
configure:8240: checking for inttypes.h
configure:8262: gcc -c -g -O2  conftest.c >&5
configure:8268: $? = 0
configure:8272: test -z 
			 || test ! -s conftest.err
configure:8275: $? = 0
configure:8278: test -s conftest.o
configure:8281: $? = 0
configure:8292: result: yes
configure:8303: checking for stdint.h
configure:8325: gcc -c -g -O2  conftest.c >&5
configure:8331: $? = 0
configure:8335: test -z 
			 || test ! -s conftest.err
configure:8338: $? = 0
configure:8341: test -s conftest.o
configure:8344: $? = 0
configure:8355: result: yes
configure:8368: checking for intmax_t
configure:8398: gcc -c -g -O2  conftest.c >&5
configure:8404: $? = 0
configure:8408: test -z 
			 || test ! -s conftest.err
configure:8411: $? = 0
configure:8414: test -s conftest.o
configure:8417: $? = 0
configure:8428: result: yes
configure:8440: checking whether printf() supports POSIX/XSI format strings
configure:8490: gcc -o conftest -g -O2   conftest.c  >&5
configure:8493: $? = 0
configure:8495: ./conftest
configure:8498: $? = 0
configure:8513: result: yes
configure:8527: checking for working alloca.h
configure:8548: gcc -o conftest -g -O2   conftest.c  >&5
configure:8554: $? = 0
configure:8558: test -z 
			 || test ! -s conftest.err
configure:8561: $? = 0
configure:8564: test -s conftest
configure:8567: $? = 0
configure:8579: result: yes
configure:8589: checking for alloca
configure:8630: gcc -o conftest -g -O2   conftest.c  >&5
configure:8636: $? = 0
configure:8640: test -z 
			 || test ! -s conftest.err
configure:8643: $? = 0
configure:8646: test -s conftest
configure:8649: $? = 0
configure:8661: result: yes
configure:8890: checking for stdlib.h
configure:8895: result: yes
configure:8890: checking for unistd.h
configure:8895: result: yes
configure:9039: checking for getpagesize
configure:9096: gcc -o conftest -g -O2   conftest.c  >&5
configure:9102: $? = 0
configure:9106: test -z 
			 || test ! -s conftest.err
configure:9109: $? = 0
configure:9112: test -s conftest
configure:9115: $? = 0
configure:9127: result: yes
configure:9137: checking for working mmap
configure:9279: gcc -o conftest -g -O2   conftest.c  >&5
configure:9282: $? = 0
configure:9284: ./conftest
configure:9287: $? = 0
configure:9301: result: yes
configure:9313: checking whether we are using the GNU C Library 2.1 or newer
configure:9344: result: yes
configure:9352: checking whether integer division by zero raises SIGFPE
configure:9414: gcc -o conftest -g -O2   conftest.c  >&5
configure:9417: $? = 0
configure:9419: ./conftest
configure:9422: $? = 0
configure:9437: result: yes
configure:9450: checking for unsigned long long
configure:9472: gcc -o conftest -g -O2   conftest.c  >&5
configure:9478: $? = 0
configure:9482: test -z 
			 || test ! -s conftest.err
configure:9485: $? = 0
configure:9488: test -s conftest
configure:9491: $? = 0
configure:9503: result: yes
configure:9535: checking for inttypes.h
configure:9558: gcc -c -g -O2  conftest.c >&5
configure:9564: $? = 0
configure:9568: test -z 
			 || test ! -s conftest.err
configure:9571: $? = 0
configure:9574: test -s conftest.o
configure:9577: $? = 0
configure:9589: result: yes
configure:9602: checking whether the inttypes.h PRIxNN macros are broken
configure:9628: gcc -c -g -O2  conftest.c >&5
configure:9634: $? = 0
configure:9638: test -z 
			 || test ! -s conftest.err
configure:9641: $? = 0
configure:9644: test -s conftest.o
configure:9647: $? = 0
configure:9659: result: no
configure:9676: checking for stdint.h
configure:9681: result: yes
configure:9821: checking for SIZE_MAX
configure:10890: result: yes
configure:10907: checking for stdint.h
configure:10912: result: yes
configure:11093: checking for ld used by GCC
configure:11157: result: /usr/bin/ld
configure:11166: checking if the linker (/usr/bin/ld) is GNU ld
configure:11179: result: yes
configure:11185: checking for shared library run path origin
configure:11198: result: done
configure:11604: checking for ptrdiff_t
configure:11628: gcc -c -g -O2  conftest.c >&5
configure:11634: $? = 0
configure:11638: test -z 
			 || test ! -s conftest.err
configure:11641: $? = 0
configure:11644: test -s conftest.o
configure:11647: $? = 0
configure:11658: result: yes
configure:11695: checking argz.h usability
configure:11707: gcc -c -g -O2  conftest.c >&5
configure:11713: $? = 0
configure:11717: test -z 
			 || test ! -s conftest.err
configure:11720: $? = 0
configure:11723: test -s conftest.o
configure:11726: $? = 0
configure:11736: result: yes
configure:11740: checking argz.h presence
configure:11750: gcc -E  conftest.c
configure:11756: $? = 0
configure:11776: result: yes
configure:11811: checking for argz.h
configure:11818: result: yes
configure:11695: checking limits.h usability
configure:11707: gcc -c -g -O2  conftest.c >&5
configure:11713: $? = 0
configure:11717: test -z 
			 || test ! -s conftest.err
configure:11720: $? = 0
configure:11723: test -s conftest.o
configure:11726: $? = 0
configure:11736: result: yes
configure:11740: checking limits.h presence
configure:11750: gcc -E  conftest.c
configure:11756: $? = 0
configure:11776: result: yes
configure:11811: checking for limits.h
configure:11818: result: yes
configure:11695: checking locale.h usability
configure:11707: gcc -c -g -O2  conftest.c >&5
configure:11713: $? = 0
configure:11717: test -z 
			 || test ! -s conftest.err
configure:11720: $? = 0
configure:11723: test -s conftest.o
configure:11726: $? = 0
configure:11736: result: yes
configure:11740: checking locale.h presence
configure:11750: gcc -E  conftest.c
configure:11756: $? = 0
configure:11776: result: yes
configure:11811: checking for locale.h
configure:11818: result: yes
configure:11695: checking nl_types.h usability
configure:11707: gcc -c -g -O2  conftest.c >&5
configure:11713: $? = 0
configure:11717: test -z 
			 || test ! -s conftest.err
configure:11720: $? = 0
configure:11723: test -s conftest.o
configure:11726: $? = 0
configure:11736: result: yes
configure:11740: checking nl_types.h presence
configure:11750: gcc -E  conftest.c
configure:11756: $? = 0
configure:11776: result: yes
configure:11811: checking for nl_types.h
configure:11818: result: yes
configure:11695: checking malloc.h usability
configure:11707: gcc -c -g -O2  conftest.c >&5
configure:11713: $? = 0
configure:11717: test -z 
			 || test ! -s conftest.err
configure:11720: $? = 0
configure:11723: test -s conftest.o
configure:11726: $? = 0
configure:11736: result: yes
configure:11740: checking malloc.h presence
configure:11750: gcc -E  conftest.c
configure:11756: $? = 0
configure:11776: result: yes
configure:11811: checking for malloc.h
configure:11818: result: yes
configure:11695: checking stddef.h usability
configure:11707: gcc -c -g -O2  conftest.c >&5
configure:11713: $? = 0
configure:11717: test -z 
			 || test ! -s conftest.err
configure:11720: $? = 0
configure:11723: test -s conftest.o
configure:11726: $? = 0
configure:11736: result: yes
configure:11740: checking stddef.h presence
configure:11750: gcc -E  conftest.c
configure:11756: $? = 0
configure:11776: result: yes
configure:11811: checking for stddef.h
configure:11818: result: yes
configure:11686: checking for stdlib.h
configure:11691: result: yes
configure:11686: checking for string.h
configure:11691: result: yes
configure:11686: checking for unistd.h
configure:11691: result: yes
configure:11686: checking for sys/param.h
configure:11691: result: yes
configure:11860: checking for asprintf
configure:11917: gcc -o conftest -g -O2   conftest.c  >&5
configure:11923: $? = 0
configure:11927: test -z 
			 || test ! -s conftest.err
configure:11930: $? = 0
configure:11933: test -s conftest
configure:11936: $? = 0
configure:11948: result: yes
configure:11860: checking for fwprintf
configure:11917: gcc -o conftest -g -O2   conftest.c  >&5
configure:11923: $? = 0
configure:11927: test -z 
			 || test ! -s conftest.err
configure:11930: $? = 0
configure:11933: test -s conftest
configure:11936: $? = 0
configure:11948: result: yes
configure:11860: checking for getcwd
configure:11917: gcc -o conftest -g -O2   conftest.c  >&5
configure:11923: $? = 0
configure:11927: test -z 
			 || test ! -s conftest.err
configure:11930: $? = 0
configure:11933: test -s conftest
configure:11936: $? = 0
configure:11948: result: yes
configure:11860: checking for getegid
configure:11917: gcc -o conftest -g -O2   conftest.c  >&5
configure:11923: $? = 0
configure:11927: test -z 
			 || test ! -s conftest.err
configure:11930: $? = 0
configure:11933: test -s conftest
configure:11936: $? = 0
configure:11948: result: yes
configure:11860: checking for geteuid
configure:11917: gcc -o conftest -g -O2   conftest.c  >&5
configure:11923: $? = 0
configure:11927: test -z 
			 || test ! -s conftest.err
configure:11930: $? = 0
configure:11933: test -s conftest
configure:11936: $? = 0
configure:11948: result: yes
configure:11860: checking for getgid
configure:11917: gcc -o conftest -g -O2   conftest.c  >&5
configure:11923: $? = 0
configure:11927: test -z 
			 || test ! -s conftest.err
configure:11930: $? = 0
configure:11933: test -s conftest
configure:11936: $? = 0
configure:11948: result: yes
configure:11860: checking for getuid
configure:11917: gcc -o conftest -g -O2   conftest.c  >&5
configure:11923: $? = 0
configure:11927: test -z 
			 || test ! -s conftest.err
configure:11930: $? = 0
configure:11933: test -s conftest
configure:11936: $? = 0
configure:11948: result: yes
configure:11860: checking for mempcpy
configure:11917: gcc -o conftest -g -O2   conftest.c  >&5
conftest.c:105: warning: conflicting types for built-in function 'mempcpy'
configure:11923: $? = 0
configure:11927: test -z 
			 || test ! -s conftest.err
configure:11930: $? = 0
configure:11933: test -s conftest
configure:11936: $? = 0
configure:11948: result: yes
configure:11860: checking for munmap
configure:11917: gcc -o conftest -g -O2   conftest.c  >&5
configure:11923: $? = 0
configure:11927: test -z 
			 || test ! -s conftest.err
configure:11930: $? = 0
configure:11933: test -s conftest
configure:11936: $? = 0
configure:11948: result: yes
configure:11860: checking for putenv
configure:11917: gcc -o conftest -g -O2   conftest.c  >&5
configure:11923: $? = 0
configure:11927: test -z 
			 || test ! -s conftest.err
configure:11930: $? = 0
configure:11933: test -s conftest
configure:11936: $? = 0
configure:11948: result: yes
configure:11860: checking for setenv
configure:11917: gcc -o conftest -g -O2   conftest.c  >&5
configure:11923: $? = 0
configure:11927: test -z 
			 || test ! -s conftest.err
configure:11930: $? = 0
configure:11933: test -s conftest
configure:11936: $? = 0
configure:11948: result: yes
configure:11860: checking for setlocale
configure:11917: gcc -o conftest -g -O2   conftest.c  >&5
configure:11923: $? = 0
configure:11927: test -z 
			 || test ! -s conftest.err
configure:11930: $? = 0
configure:11933: test -s conftest
configure:11936: $? = 0
configure:11948: result: yes
configure:11860: checking for snprintf
configure:11917: gcc -o conftest -g -O2   conftest.c  >&5
conftest.c:110: warning: conflicting types for built-in function 'snprintf'
configure:11923: $? = 0
configure:11927: test -z 
			 || test ! -s conftest.err
configure:11930: $? = 0
configure:11933: test -s conftest
configure:11936: $? = 0
configure:11948: result: yes
configure:11860: checking for stpcpy
configure:11917: gcc -o conftest -g -O2   conftest.c  >&5
conftest.c:111: warning: conflicting types for built-in function 'stpcpy'
configure:11923: $? = 0
configure:11927: test -z 
			 || test ! -s conftest.err
configure:11930: $? = 0
configure:11933: test -s conftest
configure:11936: $? = 0
configure:11948: result: yes
configure:11860: checking for strcasecmp
configure:11917: gcc -o conftest -g -O2   conftest.c  >&5
configure:11923: $? = 0
configure:11927: test -z 
			 || test ! -s conftest.err
configure:11930: $? = 0
configure:11933: test -s conftest
configure:11936: $? = 0
configure:11948: result: yes
configure:11860: checking for strdup
configure:11917: gcc -o conftest -g -O2   conftest.c  >&5
conftest.c:113: warning: conflicting types for built-in function 'strdup'
configure:11923: $? = 0
configure:11927: test -z 
			 || test ! -s conftest.err
configure:11930: $? = 0
configure:11933: test -s conftest
configure:11936: $? = 0
configure:11948: result: yes
configure:11860: checking for strtoul
configure:11917: gcc -o conftest -g -O2   conftest.c  >&5
configure:11923: $? = 0
configure:11927: test -z 
			 || test ! -s conftest.err
configure:11930: $? = 0
configure:11933: test -s conftest
configure:11936: $? = 0
configure:11948: result: yes
configure:11860: checking for tsearch
configure:11917: gcc -o conftest -g -O2   conftest.c  >&5
configure:11923: $? = 0
configure:11927: test -z 
			 || test ! -s conftest.err
configure:11930: $? = 0
configure:11933: test -s conftest
configure:11936: $? = 0
configure:11948: result: yes
configure:11860: checking for wcslen
configure:11917: gcc -o conftest -g -O2   conftest.c  >&5
configure:11923: $? = 0
configure:11927: test -z 
			 || test ! -s conftest.err
configure:11930: $? = 0
configure:11933: test -s conftest
configure:11936: $? = 0
configure:11948: result: yes
configure:11860: checking for __argz_count
configure:11917: gcc -o conftest -g -O2   conftest.c  >&5
configure:11923: $? = 0
configure:11927: test -z 
			 || test ! -s conftest.err
configure:11930: $? = 0
configure:11933: test -s conftest
configure:11936: $? = 0
configure:11948: result: yes
configure:11860: checking for __argz_stringify
configure:11917: gcc -o conftest -g -O2   conftest.c  >&5
configure:11923: $? = 0
configure:11927: test -z 
			 || test ! -s conftest.err
configure:11930: $? = 0
configure:11933: test -s conftest
configure:11936: $? = 0
configure:11948: result: yes
configure:11860: checking for __argz_next
configure:11917: gcc -o conftest -g -O2   conftest.c  >&5
configure:11923: $? = 0
configure:11927: test -z 
			 || test ! -s conftest.err
configure:11930: $? = 0
configure:11933: test -s conftest
configure:11936: $? = 0
configure:11948: result: yes
configure:11860: checking for __fsetlocking
configure:11917: gcc -o conftest -g -O2   conftest.c  >&5
configure:11923: $? = 0
configure:11927: test -z 
			 || test ! -s conftest.err
configure:11930: $? = 0
configure:11933: test -s conftest
configure:11936: $? = 0
configure:11948: result: yes
configure:11960: checking whether _snprintf is declared
configure:11985: gcc -c -g -O2  conftest.c >&5
conftest.c: In function `main':
conftest.c:103: error: `_snprintf' undeclared (first use in this function)
conftest.c:103: error: (Each undeclared identifier is reported only once
conftest.c:103: error: for each function it appears in.)
configure:11991: $? = 1
configure: failed program was:
| /* confdefs.h.  */
| 
| #define PACKAGE_NAME "smbc"
| #define PACKAGE_TARNAME "smbc"
| #define PACKAGE_VERSION "1.2.2"
| #define PACKAGE_STRING "smbc 1.2.2"
| #define PACKAGE_BUGREPORT "rafim@data.pl"
| #define PACKAGE "smbc"
| #define VERSION "1.2.2"
| #define HAVE_DIRENT_H 1
| #define STDC_HEADERS 1
| #define HAVE_SYS_WAIT_H 1
| #define STDC_HEADERS 1
| #define HAVE_SYS_TYPES_H 1
| #define HAVE_SYS_STAT_H 1
| #define HAVE_STDLIB_H 1
| #define HAVE_STRING_H 1
| #define HAVE_MEMORY_H 1
| #define HAVE_STRINGS_H 1
| #define HAVE_INTTYPES_H 1
| #define HAVE_STDINT_H 1
| #define HAVE_UNISTD_H 1
| #define HAVE_LIBSMBCLIENT_H 1
| #define HAVE_SYS_SOCKET_H 1
| #define HAVE_SYS_PARAM_H 1
| #define HAVE_SYS_FILE_H 1
| #define HAVE_SYS_TIME_H 1
| #define HAVE_ARPA_INET_H 1
| #define HAVE_NETINET_IN_H 1
| #define HAVE_FCNTL_H 1
| #define HAVE_LIBINTL_H 1
| #define HAVE_POPT_H 1
| #define HAVE_ERRNO_H 1
| #define HAVE_TIME_H 1
| #define HAVE_TERMIOS_H 1
| #define HAVE_CURSES_H 1
| #define HAVE_DIRENT_H 1
| #define HAVE_SIGNAL_H 1
| #define HAVE_STDIO_H 1
| #define HAVE_CTYPE_H 1
| #define HAVE_STDBOOL_H 1
| #define HAVE_ICONV_H 1
| #define HAVE_LONG_LONG 1
| #define HAVE_LONG_DOUBLE 1
| #define HAVE_WCHAR_T 1
| #define HAVE_WINT_T 1
| #define HAVE_INTTYPES_H_WITH_UINTMAX 1
| #define HAVE_STDINT_H_WITH_UINTMAX 1
| #define HAVE_INTMAX_T 1
| #define HAVE_POSIX_PRINTF 1
| #define HAVE_ALLOCA_H 1
| #define HAVE_ALLOCA 1
| #define HAVE_STDLIB_H 1
| #define HAVE_UNISTD_H 1
| #define HAVE_GETPAGESIZE 1
| #define HAVE_MMAP 1
| #define INTDIV0_RAISES_SIGFPE 1
| #define HAVE_UNSIGNED_LONG_LONG 1
| #define HAVE_UINTMAX_T 1
| #define HAVE_INTTYPES_H 1
| #define HAVE_STDINT_H 1
| #define HAVE_STDINT_H 1
| #define HAVE_ARGZ_H 1
| #define HAVE_LIMITS_H 1
| #define HAVE_LOCALE_H 1
| #define HAVE_NL_TYPES_H 1
| #define HAVE_MALLOC_H 1
| #define HAVE_STDDEF_H 1
| #define HAVE_STDLIB_H 1
| #define HAVE_STRING_H 1
| #define HAVE_UNISTD_H 1
| #define HAVE_SYS_PARAM_H 1
| #define HAVE_ASPRINTF 1
| #define HAVE_FWPRINTF 1
| #define HAVE_GETCWD 1
| #define HAVE_GETEGID 1
| #define HAVE_GETEUID 1
| #define HAVE_GETGID 1
| #define HAVE_GETUID 1
| #define HAVE_MEMPCPY 1
| #define HAVE_MUNMAP 1
| #define HAVE_PUTENV 1
| #define HAVE_SETENV 1
| #define HAVE_SETLOCALE 1
| #define HAVE_SNPRINTF 1
| #define HAVE_STPCPY 1
| #define HAVE_STRCASECMP 1
| #define HAVE_STRDUP 1
| #define HAVE_STRTOUL 1
| #define HAVE_TSEARCH 1
| #define HAVE_WCSLEN 1
| #define HAVE___ARGZ_COUNT 1
| #define HAVE___ARGZ_STRINGIFY 1
| #define HAVE___ARGZ_NEXT 1
| #define HAVE___FSETLOCKING 1
| /* end confdefs.h.  */
| #include <stdio.h>
| int
| main ()
| {
| 
| #ifndef _snprintf
|   char *p = (char *) _snprintf;
| #endif
| 
|   ;
|   return 0;
| }
configure:12015: result: no
configure:12029: checking whether _snwprintf is declared
configure:12054: gcc -c -g -O2  conftest.c >&5
conftest.c: In function `main':
conftest.c:104: error: `_snwprintf' undeclared (first use in this function)
conftest.c:104: error: (Each undeclared identifier is reported only once
conftest.c:104: error: for each function it appears in.)
configure:12060: $? = 1
configure: failed program was:
| /* confdefs.h.  */
| 
| #define PACKAGE_NAME "smbc"
| #define PACKAGE_TARNAME "smbc"
| #define PACKAGE_VERSION "1.2.2"
| #define PACKAGE_STRING "smbc 1.2.2"
| #define PACKAGE_BUGREPORT "rafim@data.pl"
| #define PACKAGE "smbc"
| #define VERSION "1.2.2"
| #define HAVE_DIRENT_H 1
| #define STDC_HEADERS 1
| #define HAVE_SYS_WAIT_H 1
| #define STDC_HEADERS 1
| #define HAVE_SYS_TYPES_H 1
| #define HAVE_SYS_STAT_H 1
| #define HAVE_STDLIB_H 1
| #define HAVE_STRING_H 1
| #define HAVE_MEMORY_H 1
| #define HAVE_STRINGS_H 1
| #define HAVE_INTTYPES_H 1
| #define HAVE_STDINT_H 1
| #define HAVE_UNISTD_H 1
| #define HAVE_LIBSMBCLIENT_H 1
| #define HAVE_SYS_SOCKET_H 1
| #define HAVE_SYS_PARAM_H 1
| #define HAVE_SYS_FILE_H 1
| #define HAVE_SYS_TIME_H 1
| #define HAVE_ARPA_INET_H 1
| #define HAVE_NETINET_IN_H 1
| #define HAVE_FCNTL_H 1
| #define HAVE_LIBINTL_H 1
| #define HAVE_POPT_H 1
| #define HAVE_ERRNO_H 1
| #define HAVE_TIME_H 1
| #define HAVE_TERMIOS_H 1
| #define HAVE_CURSES_H 1
| #define HAVE_DIRENT_H 1
| #define HAVE_SIGNAL_H 1
| #define HAVE_STDIO_H 1
| #define HAVE_CTYPE_H 1
| #define HAVE_STDBOOL_H 1
| #define HAVE_ICONV_H 1
| #define HAVE_LONG_LONG 1
| #define HAVE_LONG_DOUBLE 1
| #define HAVE_WCHAR_T 1
| #define HAVE_WINT_T 1
| #define HAVE_INTTYPES_H_WITH_UINTMAX 1
| #define HAVE_STDINT_H_WITH_UINTMAX 1
| #define HAVE_INTMAX_T 1
| #define HAVE_POSIX_PRINTF 1
| #define HAVE_ALLOCA_H 1
| #define HAVE_ALLOCA 1
| #define HAVE_STDLIB_H 1
| #define HAVE_UNISTD_H 1
| #define HAVE_GETPAGESIZE 1
| #define HAVE_MMAP 1
| #define INTDIV0_RAISES_SIGFPE 1
| #define HAVE_UNSIGNED_LONG_LONG 1
| #define HAVE_UINTMAX_T 1
| #define HAVE_INTTYPES_H 1
| #define HAVE_STDINT_H 1
| #define HAVE_STDINT_H 1
| #define HAVE_ARGZ_H 1
| #define HAVE_LIMITS_H 1
| #define HAVE_LOCALE_H 1
| #define HAVE_NL_TYPES_H 1
| #define HAVE_MALLOC_H 1
| #define HAVE_STDDEF_H 1
| #define HAVE_STDLIB_H 1
| #define HAVE_STRING_H 1
| #define HAVE_UNISTD_H 1
| #define HAVE_SYS_PARAM_H 1
| #define HAVE_ASPRINTF 1
| #define HAVE_FWPRINTF 1
| #define HAVE_GETCWD 1
| #define HAVE_GETEGID 1
| #define HAVE_GETEUID 1
| #define HAVE_GETGID 1
| #define HAVE_GETUID 1
| #define HAVE_MEMPCPY 1
| #define HAVE_MUNMAP 1
| #define HAVE_PUTENV 1
| #define HAVE_SETENV 1
| #define HAVE_SETLOCALE 1
| #define HAVE_SNPRINTF 1
| #define HAVE_STPCPY 1
| #define HAVE_STRCASECMP 1
| #define HAVE_STRDUP 1
| #define HAVE_STRTOUL 1
| #define HAVE_TSEARCH 1
| #define HAVE_WCSLEN 1
| #define HAVE___ARGZ_COUNT 1
| #define HAVE___ARGZ_STRINGIFY 1
| #define HAVE___ARGZ_NEXT 1
| #define HAVE___FSETLOCKING 1
| #define HAVE_DECL__SNPRINTF 0
| /* end confdefs.h.  */
| #include <stdio.h>
| int
| main ()
| {
| 
| #ifndef _snwprintf
|   char *p = (char *) _snwprintf;
| #endif
| 
|   ;
|   return 0;
| }
configure:12084: result: no
configure:12099: checking whether feof_unlocked is declared
configure:12124: gcc -c -g -O2  conftest.c >&5
configure:12130: $? = 0
configure:12134: test -z 
			 || test ! -s conftest.err
configure:12137: $? = 0
configure:12140: test -s conftest.o
configure:12143: $? = 0
configure:12154: result: yes
configure:12168: checking whether fgets_unlocked is declared
configure:12193: gcc -c -g -O2  conftest.c >&5
conftest.c: In function `main':
conftest.c:106: error: `fgets_unlocked' undeclared (first use in this function)
conftest.c:106: error: (Each undeclared identifier is reported only once
conftest.c:106: error: for each function it appears in.)
configure:12199: $? = 1
configure: failed program was:
| /* confdefs.h.  */
| 
| #define PACKAGE_NAME "smbc"
| #define PACKAGE_TARNAME "smbc"
| #define PACKAGE_VERSION "1.2.2"
| #define PACKAGE_STRING "smbc 1.2.2"
| #define PACKAGE_BUGREPORT "rafim@data.pl"
| #define PACKAGE "smbc"
| #define VERSION "1.2.2"
| #define HAVE_DIRENT_H 1
| #define STDC_HEADERS 1
| #define HAVE_SYS_WAIT_H 1
| #define STDC_HEADERS 1
| #define HAVE_SYS_TYPES_H 1
| #define HAVE_SYS_STAT_H 1
| #define HAVE_STDLIB_H 1
| #define HAVE_STRING_H 1
| #define HAVE_MEMORY_H 1
| #define HAVE_STRINGS_H 1
| #define HAVE_INTTYPES_H 1
| #define HAVE_STDINT_H 1
| #define HAVE_UNISTD_H 1
| #define HAVE_LIBSMBCLIENT_H 1
| #define HAVE_SYS_SOCKET_H 1
| #define HAVE_SYS_PARAM_H 1
| #define HAVE_SYS_FILE_H 1
| #define HAVE_SYS_TIME_H 1
| #define HAVE_ARPA_INET_H 1
| #define HAVE_NETINET_IN_H 1
| #define HAVE_FCNTL_H 1
| #define HAVE_LIBINTL_H 1
| #define HAVE_POPT_H 1
| #define HAVE_ERRNO_H 1
| #define HAVE_TIME_H 1
| #define HAVE_TERMIOS_H 1
| #define HAVE_CURSES_H 1
| #define HAVE_DIRENT_H 1
| #define HAVE_SIGNAL_H 1
| #define HAVE_STDIO_H 1
| #define HAVE_CTYPE_H 1
| #define HAVE_STDBOOL_H 1
| #define HAVE_ICONV_H 1
| #define HAVE_LONG_LONG 1
| #define HAVE_LONG_DOUBLE 1
| #define HAVE_WCHAR_T 1
| #define HAVE_WINT_T 1
| #define HAVE_INTTYPES_H_WITH_UINTMAX 1
| #define HAVE_STDINT_H_WITH_UINTMAX 1
| #define HAVE_INTMAX_T 1
| #define HAVE_POSIX_PRINTF 1
| #define HAVE_ALLOCA_H 1
| #define HAVE_ALLOCA 1
| #define HAVE_STDLIB_H 1
| #define HAVE_UNISTD_H 1
| #define HAVE_GETPAGESIZE 1
| #define HAVE_MMAP 1
| #define INTDIV0_RAISES_SIGFPE 1
| #define HAVE_UNSIGNED_LONG_LONG 1
| #define HAVE_UINTMAX_T 1
| #define HAVE_INTTYPES_H 1
| #define HAVE_STDINT_H 1
| #define HAVE_STDINT_H 1
| #define HAVE_ARGZ_H 1
| #define HAVE_LIMITS_H 1
| #define HAVE_LOCALE_H 1
| #define HAVE_NL_TYPES_H 1
| #define HAVE_MALLOC_H 1
| #define HAVE_STDDEF_H 1
| #define HAVE_STDLIB_H 1
| #define HAVE_STRING_H 1
| #define HAVE_UNISTD_H 1
| #define HAVE_SYS_PARAM_H 1
| #define HAVE_ASPRINTF 1
| #define HAVE_FWPRINTF 1
| #define HAVE_GETCWD 1
| #define HAVE_GETEGID 1
| #define HAVE_GETEUID 1
| #define HAVE_GETGID 1
| #define HAVE_GETUID 1
| #define HAVE_MEMPCPY 1
| #define HAVE_MUNMAP 1
| #define HAVE_PUTENV 1
| #define HAVE_SETENV 1
| #define HAVE_SETLOCALE 1
| #define HAVE_SNPRINTF 1
| #define HAVE_STPCPY 1
| #define HAVE_STRCASECMP 1
| #define HAVE_STRDUP 1
| #define HAVE_STRTOUL 1
| #define HAVE_TSEARCH 1
| #define HAVE_WCSLEN 1
| #define HAVE___ARGZ_COUNT 1
| #define HAVE___ARGZ_STRINGIFY 1
| #define HAVE___ARGZ_NEXT 1
| #define HAVE___FSETLOCKING 1
| #define HAVE_DECL__SNPRINTF 0
| #define HAVE_DECL__SNWPRINTF 0
| #define HAVE_DECL_FEOF_UNLOCKED 1
| /* end confdefs.h.  */
| #include <stdio.h>
| int
| main ()
| {
| 
| #ifndef fgets_unlocked
|   char *p = (char *) fgets_unlocked;
| #endif
| 
|   ;
|   return 0;
| }
configure:12223: result: no
configure:12237: checking whether getc_unlocked is declared
configure:12262: gcc -c -g -O2  conftest.c >&5
configure:12268: $? = 0
configure:12272: test -z 
			 || test ! -s conftest.err
configure:12275: $? = 0
configure:12278: test -s conftest.o
configure:12281: $? = 0
configure:12292: result: yes
configure:12360: checking for iconv
configure:12387: gcc -o conftest -g -O2   conftest.c  >&5
configure:12393: $? = 0
configure:12397: test -z 
			 || test ! -s conftest.err
configure:12400: $? = 0
configure:12403: test -s conftest
configure:12406: $? = 0
configure:12472: result: yes
configure:12495: checking for iconv declaration
configure:12529: gcc -c -g -O2  conftest.c >&5
configure:12535: $? = 0
configure:12539: test -z 
			 || test ! -s conftest.err
configure:12542: $? = 0
configure:12545: test -s conftest.o
configure:12548: $? = 0
configure:12563: result: 
         extern size_t iconv (iconv_t cd, char * *inbuf, size_t *inbytesleft, char * *outbuf, size_t *outbytesleft);
configure:12574: checking for nl_langinfo and CODESET
configure:12595: gcc -o conftest -g -O2   conftest.c  >&5
configure:12601: $? = 0
configure:12605: test -z 
			 || test ! -s conftest.err
configure:12608: $? = 0
configure:12611: test -s conftest
configure:12614: $? = 0
configure:12627: result: yes
configure:12639: checking for LC_MESSAGES
configure:12660: gcc -o conftest -g -O2   conftest.c  >&5
configure:12666: $? = 0
configure:12670: test -z 
			 || test ! -s conftest.err
configure:12673: $? = 0
configure:12676: test -s conftest
configure:12679: $? = 0
configure:12691: result: yes
configure:12707: checking for bison
configure:12723: found /usr/bin/bison
configure:12733: result: bison
configure:12746: checking version of bison
configure:12755: result: 1.875, ok
configure:12777: checking whether NLS is requested
configure:12786: result: yes
configure:12802: checking whether included gettext is requested
configure:12812: result: no
configure:12823: checking for GNU gettext in libc
configure:12847: gcc -o conftest -g -O2   conftest.c  >&5
configure:12853: $? = 0
configure:12857: test -z 
			 || test ! -s conftest.err
configure:12860: $? = 0
configure:12863: test -s conftest
configure:12866: $? = 0
configure:12878: result: yes
configure:13431: checking whether to use NLS
configure:13433: result: yes
configure:13436: checking where the gettext function comes from
configure:13447: result: libc
configure:13542: checking for an ANSI C-conforming const
configure:13639: result: yes
configure:13649: checking for mode_t
configure:13673: gcc -c -g -O2  conftest.c >&5
configure:13679: $? = 0
configure:13683: test -z 
			 || test ! -s conftest.err
configure:13686: $? = 0
configure:13689: test -s conftest.o
configure:13692: $? = 0
configure:13703: result: yes
configure:13715: checking for off_t
configure:13769: result: yes
configure:13781: checking for size_t
configure:13835: result: yes
configure:13849: checking whether closedir returns void
configure:13878: gcc -o conftest -g -O2   conftest.c  >&5
configure:13881: $? = 0
configure:13883: ./conftest
configure:13886: $? = 0
configure:13900: result: no
configure:13910: checking for pid_t
configure:13934: gcc -c -g -O2  conftest.c >&5
configure:13940: $? = 0
configure:13944: test -z 
			 || test ! -s conftest.err
configure:13947: $? = 0
configure:13950: test -s conftest.o
configure:13953: $? = 0
configure:13964: result: yes
configure:13982: checking for unistd.h
configure:13987: result: yes
configure:13991: checking vfork.h usability
configure:14003: gcc -c -g -O2  conftest.c >&5
conftest.c:144:19: vfork.h: No such file or directory
configure:14009: $? = 1
configure: failed program was:
| /* confdefs.h.  */
| 
| #define PACKAGE_NAME "smbc"
| #define PACKAGE_TARNAME "smbc"
| #define PACKAGE_VERSION "1.2.2"
| #define PACKAGE_STRING "smbc 1.2.2"
| #define PACKAGE_BUGREPORT "rafim@data.pl"
| #define PACKAGE "smbc"
| #define VERSION "1.2.2"
| #define HAVE_DIRENT_H 1
| #define STDC_HEADERS 1
| #define HAVE_SYS_WAIT_H 1
| #define STDC_HEADERS 1
| #define HAVE_SYS_TYPES_H 1
| #define HAVE_SYS_STAT_H 1
| #define HAVE_STDLIB_H 1
| #define HAVE_STRING_H 1
| #define HAVE_MEMORY_H 1
| #define HAVE_STRINGS_H 1
| #define HAVE_INTTYPES_H 1
| #define HAVE_STDINT_H 1
| #define HAVE_UNISTD_H 1
| #define HAVE_LIBSMBCLIENT_H 1
| #define HAVE_SYS_SOCKET_H 1
| #define HAVE_SYS_PARAM_H 1
| #define HAVE_SYS_FILE_H 1
| #define HAVE_SYS_TIME_H 1
| #define HAVE_ARPA_INET_H 1
| #define HAVE_NETINET_IN_H 1
| #define HAVE_FCNTL_H 1
| #define HAVE_LIBINTL_H 1
| #define HAVE_POPT_H 1
| #define HAVE_ERRNO_H 1
| #define HAVE_TIME_H 1
| #define HAVE_TERMIOS_H 1
| #define HAVE_CURSES_H 1
| #define HAVE_DIRENT_H 1
| #define HAVE_SIGNAL_H 1
| #define HAVE_STDIO_H 1
| #define HAVE_CTYPE_H 1
| #define HAVE_STDBOOL_H 1
| #define HAVE_ICONV_H 1
| #define HAVE_LONG_LONG 1
| #define HAVE_LONG_DOUBLE 1
| #define HAVE_WCHAR_T 1
| #define HAVE_WINT_T 1
| #define HAVE_INTTYPES_H_WITH_UINTMAX 1
| #define HAVE_STDINT_H_WITH_UINTMAX 1
| #define HAVE_INTMAX_T 1
| #define HAVE_POSIX_PRINTF 1
| #define HAVE_ALLOCA_H 1
| #define HAVE_ALLOCA 1
| #define HAVE_STDLIB_H 1
| #define HAVE_UNISTD_H 1
| #define HAVE_GETPAGESIZE 1
| #define HAVE_MMAP 1
| #define INTDIV0_RAISES_SIGFPE 1
| #define HAVE_UNSIGNED_LONG_LONG 1
| #define HAVE_UINTMAX_T 1
| #define HAVE_INTTYPES_H 1
| #define HAVE_STDINT_H 1
| #define HAVE_STDINT_H 1
| #define HAVE_ARGZ_H 1
| #define HAVE_LIMITS_H 1
| #define HAVE_LOCALE_H 1
| #define HAVE_NL_TYPES_H 1
| #define HAVE_MALLOC_H 1
| #define HAVE_STDDEF_H 1
| #define HAVE_STDLIB_H 1
| #define HAVE_STRING_H 1
| #define HAVE_UNISTD_H 1
| #define HAVE_SYS_PARAM_H 1
| #define HAVE_ASPRINTF 1
| #define HAVE_FWPRINTF 1
| #define HAVE_GETCWD 1
| #define HAVE_GETEGID 1
| #define HAVE_GETEUID 1
| #define HAVE_GETGID 1
| #define HAVE_GETUID 1
| #define HAVE_MEMPCPY 1
| #define HAVE_MUNMAP 1
| #define HAVE_PUTENV 1
| #define HAVE_SETENV 1
| #define HAVE_SETLOCALE 1
| #define HAVE_SNPRINTF 1
| #define HAVE_STPCPY 1
| #define HAVE_STRCASECMP 1
| #define HAVE_STRDUP 1
| #define HAVE_STRTOUL 1
| #define HAVE_TSEARCH 1
| #define HAVE_WCSLEN 1
| #define HAVE___ARGZ_COUNT 1
| #define HAVE___ARGZ_STRINGIFY 1
| #define HAVE___ARGZ_NEXT 1
| #define HAVE___FSETLOCKING 1
| #define HAVE_DECL__SNPRINTF 0
| #define HAVE_DECL__SNWPRINTF 0
| #define HAVE_DECL_FEOF_UNLOCKED 1
| #define HAVE_DECL_FGETS_UNLOCKED 0
| #define HAVE_DECL_GETC_UNLOCKED 1
| #define HAVE_ICONV 1
| #define ICONV_CONST 
| #define HAVE_LANGINFO_CODESET 1
| #define HAVE_LC_MESSAGES 1
| #define ENABLE_NLS 1
| #define HAVE_GETTEXT 1
| #define HAVE_DCGETTEXT 1
| #define HAVE_UNISTD_H 1
| /* end confdefs.h.  */
| #include <stdio.h>
| #if HAVE_SYS_TYPES_H
| # include <sys/types.h>
| #endif
| #if HAVE_SYS_STAT_H
| # include <sys/stat.h>
| #endif
| #if STDC_HEADERS
| # include <stdlib.h>
| # include <stddef.h>
| #else
| # if HAVE_STDLIB_H
| #  include <stdlib.h>
| # endif
| #endif
| #if HAVE_STRING_H
| # if !STDC_HEADERS && HAVE_MEMORY_H
| #  include <memory.h>
| # endif
| # include <string.h>
| #endif
| #if HAVE_STRINGS_H
| # include <strings.h>
| #endif
| #if HAVE_INTTYPES_H
| # include <inttypes.h>
| #else
| # if HAVE_STDINT_H
| #  include <stdint.h>
| # endif
| #endif
| #if HAVE_UNISTD_H
| # include <unistd.h>
| #endif
| #include <vfork.h>
configure:14032: result: no
configure:14036: checking vfork.h presence
configure:14046: gcc -E  conftest.c
conftest.c:110:19: vfork.h: No such file or directory
configure:14052: $? = 1
configure: failed program was:
| /* confdefs.h.  */
| 
| #define PACKAGE_NAME "smbc"
| #define PACKAGE_TARNAME "smbc"
| #define PACKAGE_VERSION "1.2.2"
| #define PACKAGE_STRING "smbc 1.2.2"
| #define PACKAGE_BUGREPORT "rafim@data.pl"
| #define PACKAGE "smbc"
| #define VERSION "1.2.2"
| #define HAVE_DIRENT_H 1
| #define STDC_HEADERS 1
| #define HAVE_SYS_WAIT_H 1
| #define STDC_HEADERS 1
| #define HAVE_SYS_TYPES_H 1
| #define HAVE_SYS_STAT_H 1
| #define HAVE_STDLIB_H 1
| #define HAVE_STRING_H 1
| #define HAVE_MEMORY_H 1
| #define HAVE_STRINGS_H 1
| #define HAVE_INTTYPES_H 1
| #define HAVE_STDINT_H 1
| #define HAVE_UNISTD_H 1
| #define HAVE_LIBSMBCLIENT_H 1
| #define HAVE_SYS_SOCKET_H 1
| #define HAVE_SYS_PARAM_H 1
| #define HAVE_SYS_FILE_H 1
| #define HAVE_SYS_TIME_H 1
| #define HAVE_ARPA_INET_H 1
| #define HAVE_NETINET_IN_H 1
| #define HAVE_FCNTL_H 1
| #define HAVE_LIBINTL_H 1
| #define HAVE_POPT_H 1
| #define HAVE_ERRNO_H 1
| #define HAVE_TIME_H 1
| #define HAVE_TERMIOS_H 1
| #define HAVE_CURSES_H 1
| #define HAVE_DIRENT_H 1
| #define HAVE_SIGNAL_H 1
| #define HAVE_STDIO_H 1
| #define HAVE_CTYPE_H 1
| #define HAVE_STDBOOL_H 1
| #define HAVE_ICONV_H 1
| #define HAVE_LONG_LONG 1
| #define HAVE_LONG_DOUBLE 1
| #define HAVE_WCHAR_T 1
| #define HAVE_WINT_T 1
| #define HAVE_INTTYPES_H_WITH_UINTMAX 1
| #define HAVE_STDINT_H_WITH_UINTMAX 1
| #define HAVE_INTMAX_T 1
| #define HAVE_POSIX_PRINTF 1
| #define HAVE_ALLOCA_H 1
| #define HAVE_ALLOCA 1
| #define HAVE_STDLIB_H 1
| #define HAVE_UNISTD_H 1
| #define HAVE_GETPAGESIZE 1
| #define HAVE_MMAP 1
| #define INTDIV0_RAISES_SIGFPE 1
| #define HAVE_UNSIGNED_LONG_LONG 1
| #define HAVE_UINTMAX_T 1
| #define HAVE_INTTYPES_H 1
| #define HAVE_STDINT_H 1
| #define HAVE_STDINT_H 1
| #define HAVE_ARGZ_H 1
| #define HAVE_LIMITS_H 1
| #define HAVE_LOCALE_H 1
| #define HAVE_NL_TYPES_H 1
| #define HAVE_MALLOC_H 1
| #define HAVE_STDDEF_H 1
| #define HAVE_STDLIB_H 1
| #define HAVE_STRING_H 1
| #define HAVE_UNISTD_H 1
| #define HAVE_SYS_PARAM_H 1
| #define HAVE_ASPRINTF 1
| #define HAVE_FWPRINTF 1
| #define HAVE_GETCWD 1
| #define HAVE_GETEGID 1
| #define HAVE_GETEUID 1
| #define HAVE_GETGID 1
| #define HAVE_GETUID 1
| #define HAVE_MEMPCPY 1
| #define HAVE_MUNMAP 1
| #define HAVE_PUTENV 1
| #define HAVE_SETENV 1
| #define HAVE_SETLOCALE 1
| #define HAVE_SNPRINTF 1
| #define HAVE_STPCPY 1
| #define HAVE_STRCASECMP 1
| #define HAVE_STRDUP 1
| #define HAVE_STRTOUL 1
| #define HAVE_TSEARCH 1
| #define HAVE_WCSLEN 1
| #define HAVE___ARGZ_COUNT 1
| #define HAVE___ARGZ_STRINGIFY 1
| #define HAVE___ARGZ_NEXT 1
| #define HAVE___FSETLOCKING 1
| #define HAVE_DECL__SNPRINTF 0
| #define HAVE_DECL__SNWPRINTF 0
| #define HAVE_DECL_FEOF_UNLOCKED 1
| #define HAVE_DECL_FGETS_UNLOCKED 0
| #define HAVE_DECL_GETC_UNLOCKED 1
| #define HAVE_ICONV 1
| #define ICONV_CONST 
| #define HAVE_LANGINFO_CODESET 1
| #define HAVE_LC_MESSAGES 1
| #define ENABLE_NLS 1
| #define HAVE_GETTEXT 1
| #define HAVE_DCGETTEXT 1
| #define HAVE_UNISTD_H 1
| /* end confdefs.h.  */
| #include <vfork.h>
configure:14072: result: no
configure:14107: checking for vfork.h
configure:14114: result: no
configure:14132: checking for fork
configure:14189: gcc -o conftest -g -O2   conftest.c  >&5
configure:14195: $? = 0
configure:14199: test -z 
			 || test ! -s conftest.err
configure:14202: $? = 0
configure:14205: test -s conftest
configure:14208: $? = 0
configure:14220: result: yes
configure:14132: checking for vfork
configure:14189: gcc -o conftest -g -O2   conftest.c  >&5
configure:14195: $? = 0
configure:14199: test -z 
			 || test ! -s conftest.err
configure:14202: $? = 0
configure:14205: test -s conftest
configure:14208: $? = 0
configure:14220: result: yes
configure:14231: checking for working fork
configure:14254: gcc -o conftest -g -O2   conftest.c  >&5
configure:14257: $? = 0
configure:14259: ./conftest
configure:14262: $? = 0
configure:14276: result: yes
configure:14297: checking for working vfork
configure:14430: result: yes
configure:14466: checking for stdlib.h
configure:14471: result: yes
configure:14611: checking for GNU libc compatible malloc
configure:14640: gcc -o conftest -g -O2   conftest.c  >&5
configure:14643: $? = 0
configure:14645: ./conftest
configure:14648: $? = 0
configure:14662: result: yes
configure:14692: checking for working memcmp
configure:14740: gcc -o conftest -g -O2   conftest.c  >&5
configure:14743: $? = 0
configure:14745: ./conftest
configure:14748: $? = 0
configure:14762: result: yes
configure:14778: checking for stdlib.h
configure:14783: result: yes
configure:14923: checking for GNU libc compatible realloc
configure:14952: gcc -o conftest -g -O2   conftest.c  >&5
configure:14955: $? = 0
configure:14957: ./conftest
configure:14960: $? = 0
configure:14974: result: yes
configure:15004: checking return type of signal handlers
configure:15035: gcc -c -g -O2  conftest.c >&5
configure:15041: $? = 0
configure:15045: test -z 
			 || test ! -s conftest.err
configure:15048: $? = 0
configure:15051: test -s conftest.o
configure:15054: $? = 0
configure:15065: result: void
configure:15073: checking whether lstat dereferences a symlink specified with a trailing slash
configure:15104: gcc -o conftest -g -O2   conftest.c  >&5
configure:15107: $? = 0
configure:15109: ./conftest
configure:15112: $? = 0
configure:15133: result: yes
configure:15154: checking whether stat accepts an empty string
configure:15179: gcc -o conftest -g -O2   conftest.c  >&5
configure:15182: $? = 0
configure:15184: ./conftest
configure:15187: $? = 1
configure: program exited with status 1
configure: failed program was:
| /* confdefs.h.  */
| 
| #define PACKAGE_NAME "smbc"
| #define PACKAGE_TARNAME "smbc"
| #define PACKAGE_VERSION "1.2.2"
| #define PACKAGE_STRING "smbc 1.2.2"
| #define PACKAGE_BUGREPORT "rafim@data.pl"
| #define PACKAGE "smbc"
| #define VERSION "1.2.2"
| #define HAVE_DIRENT_H 1
| #define STDC_HEADERS 1
| #define HAVE_SYS_WAIT_H 1
| #define STDC_HEADERS 1
| #define HAVE_SYS_TYPES_H 1
| #define HAVE_SYS_STAT_H 1
| #define HAVE_STDLIB_H 1
| #define HAVE_STRING_H 1
| #define HAVE_MEMORY_H 1
| #define HAVE_STRINGS_H 1
| #define HAVE_INTTYPES_H 1
| #define HAVE_STDINT_H 1
| #define HAVE_UNISTD_H 1
| #define HAVE_LIBSMBCLIENT_H 1
| #define HAVE_SYS_SOCKET_H 1
| #define HAVE_SYS_PARAM_H 1
| #define HAVE_SYS_FILE_H 1
| #define HAVE_SYS_TIME_H 1
| #define HAVE_ARPA_INET_H 1
| #define HAVE_NETINET_IN_H 1
| #define HAVE_FCNTL_H 1
| #define HAVE_LIBINTL_H 1
| #define HAVE_POPT_H 1
| #define HAVE_ERRNO_H 1
| #define HAVE_TIME_H 1
| #define HAVE_TERMIOS_H 1
| #define HAVE_CURSES_H 1
| #define HAVE_DIRENT_H 1
| #define HAVE_SIGNAL_H 1
| #define HAVE_STDIO_H 1
| #define HAVE_CTYPE_H 1
| #define HAVE_STDBOOL_H 1
| #define HAVE_ICONV_H 1
| #define HAVE_LONG_LONG 1
| #define HAVE_LONG_DOUBLE 1
| #define HAVE_WCHAR_T 1
| #define HAVE_WINT_T 1
| #define HAVE_INTTYPES_H_WITH_UINTMAX 1
| #define HAVE_STDINT_H_WITH_UINTMAX 1
| #define HAVE_INTMAX_T 1
| #define HAVE_POSIX_PRINTF 1
| #define HAVE_ALLOCA_H 1
| #define HAVE_ALLOCA 1
| #define HAVE_STDLIB_H 1
| #define HAVE_UNISTD_H 1
| #define HAVE_GETPAGESIZE 1
| #define HAVE_MMAP 1
| #define INTDIV0_RAISES_SIGFPE 1
| #define HAVE_UNSIGNED_LONG_LONG 1
| #define HAVE_UINTMAX_T 1
| #define HAVE_INTTYPES_H 1
| #define HAVE_STDINT_H 1
| #define HAVE_STDINT_H 1
| #define HAVE_ARGZ_H 1
| #define HAVE_LIMITS_H 1
| #define HAVE_LOCALE_H 1
| #define HAVE_NL_TYPES_H 1
| #define HAVE_MALLOC_H 1
| #define HAVE_STDDEF_H 1
| #define HAVE_STDLIB_H 1
| #define HAVE_STRING_H 1
| #define HAVE_UNISTD_H 1
| #define HAVE_SYS_PARAM_H 1
| #define HAVE_ASPRINTF 1
| #define HAVE_FWPRINTF 1
| #define HAVE_GETCWD 1
| #define HAVE_GETEGID 1
| #define HAVE_GETEUID 1
| #define HAVE_GETGID 1
| #define HAVE_GETUID 1
| #define HAVE_MEMPCPY 1
| #define HAVE_MUNMAP 1
| #define HAVE_PUTENV 1
| #define HAVE_SETENV 1
| #define HAVE_SETLOCALE 1
| #define HAVE_SNPRINTF 1
| #define HAVE_STPCPY 1
| #define HAVE_STRCASECMP 1
| #define HAVE_STRDUP 1
| #define HAVE_STRTOUL 1
| #define HAVE_TSEARCH 1
| #define HAVE_WCSLEN 1
| #define HAVE___ARGZ_COUNT 1
| #define HAVE___ARGZ_STRINGIFY 1
| #define HAVE___ARGZ_NEXT 1
| #define HAVE___FSETLOCKING 1
| #define HAVE_DECL__SNPRINTF 0
| #define HAVE_DECL__SNWPRINTF 0
| #define HAVE_DECL_FEOF_UNLOCKED 1
| #define HAVE_DECL_FGETS_UNLOCKED 0
| #define HAVE_DECL_GETC_UNLOCKED 1
| #define HAVE_ICONV 1
| #define ICONV_CONST 
| #define HAVE_LANGINFO_CODESET 1
| #define HAVE_LC_MESSAGES 1
| #define ENABLE_NLS 1
| #define HAVE_GETTEXT 1
| #define HAVE_DCGETTEXT 1
| #define HAVE_UNISTD_H 1
| #define HAVE_FORK 1
| #define HAVE_VFORK 1
| #define HAVE_WORKING_VFORK 1
| #define HAVE_WORKING_FORK 1
| #define HAVE_STDLIB_H 1
| #define HAVE_MALLOC 1
| #define HAVE_STDLIB_H 1
| #define HAVE_REALLOC 1
| #define RETSIGTYPE void
| #define LSTAT_FOLLOWS_SLASHED_SYMLINK 1
| /* end confdefs.h.  */
| #include <stdio.h>
| #if HAVE_SYS_TYPES_H
| # include <sys/types.h>
| #endif
| #if HAVE_SYS_STAT_H
| # include <sys/stat.h>
| #endif
| #if STDC_HEADERS
| # include <stdlib.h>
| # include <stddef.h>
| #else
| # if HAVE_STDLIB_H
| #  include <stdlib.h>
| # endif
| #endif
| #if HAVE_STRING_H
| # if !STDC_HEADERS && HAVE_MEMORY_H
| #  include <memory.h>
| # endif
| # include <string.h>
| #endif
| #if HAVE_STRINGS_H
| # include <strings.h>
| #endif
| #if HAVE_INTTYPES_H
| # include <inttypes.h>
| #else
| # if HAVE_STDINT_H
| #  include <stdint.h>
| # endif
| #endif
| #if HAVE_UNISTD_H
| # include <unistd.h>
| #endif
| int
| main ()
| {
| struct stat sbuf;
|   exit (stat ("", &sbuf) ? 1 : 0);
|   ;
|   return 0;
| }
configure:15201: result: no
configure:15220: checking for alarm
configure:15277: gcc -o conftest -g -O2   conftest.c  >&5
configure:15283: $? = 0
configure:15287: test -z 
			 || test ! -s conftest.err
configure:15290: $? = 0
configure:15293: test -s conftest
configure:15296: $? = 0
configure:15308: result: yes
configure:15311: checking for dup2
configure:15368: gcc -o conftest -g -O2   conftest.c  >&5
configure:15374: $? = 0
configure:15378: test -z 
			 || test ! -s conftest.err
configure:15381: $? = 0
configure:15384: test -s conftest
configure:15387: $? = 0
configure:15399: result: yes
configure:15402: checking for mkdir
configure:15459: gcc -o conftest -g -O2   conftest.c  >&5
configure:15465: $? = 0
configure:15469: test -z 
			 || test ! -s conftest.err
configure:15472: $? = 0
configure:15475: test -s conftest
configure:15478: $? = 0
configure:15490: result: yes
configure:15493: checking for rmdir
configure:15550: gcc -o conftest -g -O2   conftest.c  >&5
configure:15556: $? = 0
configure:15560: test -z 
			 || test ! -s conftest.err
configure:15563: $? = 0
configure:15566: test -s conftest
configure:15569: $? = 0
configure:15581: result: yes
configure:15584: checking for setlocale
configure:15672: result: yes
configure:15675: checking for strdup
configure:15763: result: yes
configure:15766: checking for strstr
configure:15823: gcc -o conftest -g -O2   conftest.c  >&5
conftest.c:144: warning: conflicting types for built-in function 'strstr'
configure:15829: $? = 0
configure:15833: test -z 
			 || test ! -s conftest.err
configure:15836: $? = 0
configure:15839: test -s conftest
configure:15842: $? = 0
configure:15854: result: yes
configure:15859: checking for main in -lm
configure:15883: gcc -o conftest -g -O2   conftest.c -lm   >&5
configure:15889: $? = 0
configure:15893: test -z 
			 || test ! -s conftest.err
configure:15896: $? = 0
configure:15899: test -s conftest
configure:15902: $? = 0
configure:15915: result: yes
configure:15998: checking for main in -lpopt
configure:16022: gcc -o conftest -g -O2   conftest.c -lpopt  -lm  >&5
configure:16028: $? = 0
configure:16032: test -z 
			 || test ! -s conftest.err
configure:16035: $? = 0
configure:16038: test -s conftest
configure:16041: $? = 0
configure:16054: result: yes
configure:16137: checking for main in -lncurses
configure:16161: gcc -o conftest -g -O2   conftest.c -lncurses  -lpopt -lm  >&5
configure:16167: $? = 0
configure:16171: test -z 
			 || test ! -s conftest.err
configure:16174: $? = 0
configure:16177: test -s conftest
configure:16180: $? = 0
configure:16193: result: yes
configure:16276: checking for main in -lsmbclient
configure:16300: gcc -o conftest -g -O2   conftest.c -lsmbclient  -lncurses -lpopt -lm  >&5
configure:16306: $? = 0
configure:16310: test -z 
			 || test ! -s conftest.err
configure:16313: $? = 0
configure:16316: test -s conftest
configure:16319: $? = 0
configure:16332: result: yes
configure:16414: checking for smbc_set_context in -lsmbclient
configure:16444: gcc -o conftest -g -O2   conftest.c -lsmbclient  -lsmbclient -lncurses -lpopt -lm  >&5
configure:16450: $? = 0
configure:16454: test -z 
			 || test ! -s conftest.err
configure:16457: $? = 0
configure:16460: test -s conftest
configure:16463: $? = 0
configure:16476: result: yes
configure:16487: checking for smbc_new_context in -lsmbclient
configure:16517: gcc -o conftest -g -O2   conftest.c -lsmbclient  -lsmbclient -lncurses -lpopt -lm  >&5
configure:16523: $? = 0
configure:16527: test -z 
			 || test ! -s conftest.err
configure:16530: $? = 0
configure:16533: test -s conftest
configure:16536: $? = 0
configure:16549: result: yes
configure:16718: creating ./config.status

## ---------------- ##
## Cache variables. ##
## ---------------- ##

ac_cv_build=i686-pc-linux-gnu
ac_cv_build_alias=i686-pc-linux-gnu
ac_cv_c_compiler_gnu=yes
ac_cv_c_const=yes
ac_cv_c_inline=inline
ac_cv_env_CC_set=
ac_cv_env_CC_value=
ac_cv_env_CFLAGS_set=
ac_cv_env_CFLAGS_value=
ac_cv_env_CPPFLAGS_set=
ac_cv_env_CPPFLAGS_value=
ac_cv_env_CPP_set=
ac_cv_env_CPP_value=
ac_cv_env_LDFLAGS_set=
ac_cv_env_LDFLAGS_value=
ac_cv_env_build_alias_set=
ac_cv_env_build_alias_value=
ac_cv_env_host_alias_set=
ac_cv_env_host_alias_value=
ac_cv_env_target_alias_set=
ac_cv_env_target_alias_value=
ac_cv_exeext=
ac_cv_func___argz_count=yes
ac_cv_func___argz_next=yes
ac_cv_func___argz_stringify=yes
ac_cv_func___fsetlocking=yes
ac_cv_func_alarm=yes
ac_cv_func_alloca_works=yes
ac_cv_func_asprintf=yes
ac_cv_func_closedir_void=no
ac_cv_func_debug=yes
ac_cv_func_dup2=yes
ac_cv_func_fork=yes
ac_cv_func_fork_works=yes
ac_cv_func_fwprintf=yes
ac_cv_func_getcwd=yes
ac_cv_func_getegid=yes
ac_cv_func_geteuid=yes
ac_cv_func_getgid=yes
ac_cv_func_getpagesize=yes
ac_cv_func_getuid=yes
ac_cv_func_lstat_dereferences_slashed_symlink=yes
ac_cv_func_malloc_0_nonnull=yes
ac_cv_func_memcmp_working=yes
ac_cv_func_mempcpy=yes
ac_cv_func_mkdir=yes
ac_cv_func_mmap_fixed_mapped=yes
ac_cv_func_munmap=yes
ac_cv_func_putenv=yes
ac_cv_func_realloc_0_nonnull=yes
ac_cv_func_rmdir=yes
ac_cv_func_setenv=yes
ac_cv_func_setlocale=yes
ac_cv_func_snprintf=yes
ac_cv_func_stat_empty_string_bug=no
ac_cv_func_stpcpy=yes
ac_cv_func_strcasecmp=yes
ac_cv_func_strdup=yes
ac_cv_func_strstr=yes
ac_cv_func_strtoul=yes
ac_cv_func_tsearch=yes
ac_cv_func_vfork=yes
ac_cv_func_vfork_works=yes
ac_cv_func_wcslen=yes
ac_cv_gnu_library_2_1=yes
ac_cv_have_decl__snprintf=no
ac_cv_have_decl__snwprintf=no
ac_cv_have_decl_feof_unlocked=yes
ac_cv_have_decl_fgets_unlocked=no
ac_cv_have_decl_getc_unlocked=yes
ac_cv_header_argz_h=yes
ac_cv_header_arpa_inet_h=yes
ac_cv_header_ctype_h=yes
ac_cv_header_curses_h=yes
ac_cv_header_dirent_dirent_h=yes
ac_cv_header_dirent_h=yes
ac_cv_header_errno_h=yes
ac_cv_header_fcntl_h=yes
ac_cv_header_iconv_h=yes
ac_cv_header_inttypes_h=yes
ac_cv_header_libintl_h=yes
ac_cv_header_libsmbclient_h=yes
ac_cv_header_limits_h=yes
ac_cv_header_locale_h=yes
ac_cv_header_malloc_h=yes
ac_cv_header_memory_h=yes
ac_cv_header_netinet_in_h=yes
ac_cv_header_nl_types_h=yes
ac_cv_header_popt_h=yes
ac_cv_header_signal_h=yes
ac_cv_header_stdbool_h=yes
ac_cv_header_stdc=yes
ac_cv_header_stddef_h=yes
ac_cv_header_stdint_h=yes
ac_cv_header_stdio_h=yes
ac_cv_header_stdlib_h=yes
ac_cv_header_string_h=yes
ac_cv_header_strings_h=yes
ac_cv_header_sys_file_h=yes
ac_cv_header_sys_param_h=yes
ac_cv_header_sys_socket_h=yes
ac_cv_header_sys_stat_h=yes
ac_cv_header_sys_time_h=yes
ac_cv_header_sys_types_h=yes
ac_cv_header_sys_wait_h=yes
ac_cv_header_termios_h=yes
ac_cv_header_time_h=yes
ac_cv_header_unistd_h=yes
ac_cv_header_vfork_h=no
ac_cv_host=i686-pc-linux-gnu
ac_cv_host_alias=i686-pc-linux-gnu
ac_cv_lib_m_main=yes
ac_cv_lib_ncurses_main=yes
ac_cv_lib_popt_main=yes
ac_cv_lib_smbclient_main=yes
ac_cv_lib_smbclient_smbc_new_context=yes
ac_cv_lib_smbclient_smbc_set_context=yes
ac_cv_objext=o
ac_cv_path_GMSGFMT=/usr/bin/msgfmt
ac_cv_path_MSGFMT=/usr/bin/msgfmt
ac_cv_path_MSGMERGE=/usr/bin/msgmerge
ac_cv_path_XGETTEXT=/usr/bin/xgettext
ac_cv_path_install='/usr/bin/install -c'
ac_cv_prog_AWK=gawk
ac_cv_prog_CPP='gcc -E'
ac_cv_prog_INTLBISON=bison
ac_cv_prog_ac_ct_CC=gcc
ac_cv_prog_ac_ct_RANLIB=ranlib
ac_cv_prog_cc_g=yes
ac_cv_prog_cc_stdc=
ac_cv_prog_egrep='grep -E'
ac_cv_prog_make_make_set=yes
ac_cv_search_opendir='none required'
ac_cv_search_strerror='none required'
ac_cv_type_long_long=yes
ac_cv_type_mode_t=yes
ac_cv_type_off_t=yes
ac_cv_type_pid_t=yes
ac_cv_type_ptrdiff_t=yes
ac_cv_type_signal=void
ac_cv_type_size_t=yes
ac_cv_type_unsigned_long_long=yes
ac_cv_working_alloca_h=yes
acl_cv_path_LD=/usr/bin/ld
acl_cv_prog_gnu_ld=yes
acl_cv_rpath=done
am_cv_CC_dependencies_compiler_type=gcc3
am_cv_func_iconv=yes
am_cv_langinfo_codeset=yes
am_cv_lib_iconv=no
am_cv_proto_iconv='extern size_t iconv (iconv_t cd, char * *inbuf, size_t *inbytesleft, char * *outbuf, size_t *outbytesleft);'
am_cv_proto_iconv_arg1=
am_cv_val_LC_MESSAGES=yes
bh_cv_c_signed=yes
gt_cv_c_intmax_t=yes
gt_cv_c_long_double=yes
gt_cv_c_wchar_t=yes
gt_cv_c_wint_t=yes
gt_cv_func_gnugettext1_libc=yes
gt_cv_func_printf_posix=yes
gt_cv_header_inttypes_h=yes
gt_cv_int_divbyzero_sigfpe=yes
gt_cv_inttypes_pri_broken=no
jm_ac_cv_header_inttypes_h=yes
jm_ac_cv_header_stdint_h=yes
nls_cv_force_use_gnu_gettext=no
nls_cv_header_intl=
nls_cv_header_libgt=
nls_cv_use_gnu_gettext=no

## ----------------- ##
## Output variables. ##
## ----------------- ##

ACLOCAL='${SHELL} /home/rafim/work/C/smbc/smbc/config/missing --run aclocal-1.9'
ALLOCA=''
AMDEPBACKSLASH='\'
AMDEP_FALSE='#'
AMDEP_TRUE=''
AMTAR='${SHELL} /home/rafim/work/C/smbc/smbc/config/missing --run tar'
AUTOCONF='${SHELL} /home/rafim/work/C/smbc/smbc/config/missing --run autoconf'
AUTOHEADER='${SHELL} /home/rafim/work/C/smbc/smbc/config/missing --run autoheader'
AUTOMAKE='${SHELL} /home/rafim/work/C/smbc/smbc/config/missing --run automake-1.9'
AWK='gawk'
BUILD_INCLUDED_LIBINTL='no'
CATOBJEXT='.gmo'
CC='gcc'
CCDEPMODE='depmode=gcc3'
CFLAGS='-g -O2'
CPP='gcc -E'
CPPFLAGS=''
CYGPATH_W='echo'
DATADIRNAME='share'
DEFS='-DHAVE_CONFIG_H'
DEPDIR='.deps'
ECHO_C=''
ECHO_N='-n'
ECHO_T=''
EGREP='grep -E'
EXEEXT=''
GDB_FALSE=''
GDB_TRUE='#'
GENCAT='gencat'
GETTEXT_PACKAGE='smbc'
GLIBC21='yes'
GMSGFMT='/usr/bin/msgfmt'
HAVE_ASPRINTF='1'
HAVE_POSIX_PRINTF='1'
HAVE_SNPRINTF='1'
HAVE_WPRINTF='0'
INSTALL_DATA='${INSTALL} -m 644'
INSTALL_PROGRAM='${INSTALL}'
INSTALL_SCRIPT='${INSTALL}'
INSTALL_STRIP_PROGRAM='${SHELL} $(install_sh) -c -s'
INSTOBJEXT='.mo'
INTLBISON='bison'
INTLLIBS=''
INTLOBJS=''
INTL_LIBTOOL_SUFFIX_PREFIX=''
LDFLAGS=''
LIBICONV=''
LIBINTL=''
LIBOBJS=''
LIBS='-lsmbclient -lncurses -lpopt -lm '
LTLIBICONV=''
LTLIBINTL=''
LTLIBOBJS=''
MAKEINFO='${SHELL} /home/rafim/work/C/smbc/smbc/config/missing --run makeinfo'
MKINSTALLDIRS='$(top_builddir)/config/mkinstalldirs'
MSGFMT='/usr/bin/msgfmt'
MSGMERGE='/usr/bin/msgmerge'
OBJEXT='o'
PACKAGE='smbc'
PACKAGE_BUGREPORT='rafim@data.pl'
PACKAGE_NAME='smbc'
PACKAGE_STRING='smbc 1.2.2'
PACKAGE_TARNAME='smbc'
PACKAGE_VERSION='1.2.2'
PATH_SEPARATOR=':'
POSUB='po'
RANLIB='ranlib'
SET_MAKE=''
SHELL='/bin/sh'
STRIP=''
USE_INCLUDED_LIBINTL='no'
USE_NLS='yes'
VERSION='1.2.2'
XGETTEXT='/usr/bin/xgettext'
ac_ct_CC='gcc'
ac_ct_RANLIB='ranlib'
ac_ct_STRIP=''
am__fastdepCC_FALSE='#'
am__fastdepCC_TRUE=''
am__include='include'
am__leading_dot='.'
am__quote=''
am__tar='${AMTAR} chof - "$$tardir"'
am__untar='${AMTAR} xf -'
bindir='${exec_prefix}/bin'
build='i686-pc-linux-gnu'
build_alias=''
build_cpu='i686'
build_os='linux-gnu'
build_vendor='pc'
datadir='${prefix}/share'
exec_prefix='${prefix}'
host='i686-pc-linux-gnu'
host_alias=''
host_cpu='i686'
host_os='linux-gnu'
host_vendor='pc'
includedir='${prefix}/include'
infodir='${prefix}/info'
install_sh='/home/rafim/work/C/smbc/smbc/config/install-sh'
libdir='${exec_prefix}/lib'
libexecdir='${exec_prefix}/libexec'
localstatedir='${prefix}/var'
mandir='${prefix}/man'
mkdir_p='mkdir -p --'
oldincludedir='/usr/include'
prefix='/usr'
program_transform_name='s,x,x,'
sbindir='${exec_prefix}/sbin'
sharedstatedir='${prefix}/com'
sysconfdir='${prefix}/etc'
target_alias=''

## ----------- ##
## confdefs.h. ##
## ----------- ##

#define ENABLE_NLS 1
#define HAVE_ALLOCA 1
#define HAVE_ALLOCA_H 1
#define HAVE_ARGZ_H 1
#define HAVE_ARPA_INET_H 1
#define HAVE_ASPRINTF 1
#define HAVE_CTYPE_H 1
#define HAVE_CURSES_H 1
#define HAVE_DCGETTEXT 1
#define HAVE_DEBUG
#define HAVE_DECL_FEOF_UNLOCKED 1
#define HAVE_DECL_FGETS_UNLOCKED 0
#define HAVE_DECL_GETC_UNLOCKED 1
#define HAVE_DECL__SNPRINTF 0
#define HAVE_DECL__SNWPRINTF 0
#define HAVE_DIRENT_H 1
#define HAVE_DIRENT_H 1
#define HAVE_ERRNO_H 1
#define HAVE_FCNTL_H 1
#define HAVE_FORK 1
#define HAVE_FWPRINTF 1
#define HAVE_GETCWD 1
#define HAVE_GETEGID 1
#define HAVE_GETEUID 1
#define HAVE_GETGID 1
#define HAVE_GETPAGESIZE 1
#define HAVE_GETTEXT 1
#define HAVE_GETUID 1
#define HAVE_ICONV 1
#define HAVE_ICONV_H 1
#define HAVE_INTMAX_T 1
#define HAVE_INTTYPES_H 1
#define HAVE_INTTYPES_H 1
#define HAVE_INTTYPES_H_WITH_UINTMAX 1
#define HAVE_LANGINFO_CODESET 1
#define HAVE_LC_MESSAGES 1
#define HAVE_LIBINTL_H 1
#define HAVE_LIBM 1
#define HAVE_LIBNCURSES 1
#define HAVE_LIBPOPT 1
#define HAVE_LIBSMBCLIENT 1
#define HAVE_LIBSMBCLIENT_H 1
#define HAVE_LIMITS_H 1
#define HAVE_LOCALE_H 1
#define HAVE_LONG_DOUBLE 1
#define HAVE_LONG_LONG 1
#define HAVE_MALLOC 1
#define HAVE_MALLOC_H 1
#define HAVE_MEMORY_H 1
#define HAVE_MEMPCPY 1
#define HAVE_MMAP 1
#define HAVE_MUNMAP 1
#define HAVE_NETINET_IN_H 1
#define HAVE_NL_TYPES_H 1
#define HAVE_POPT_H 1
#define HAVE_POSIX_PRINTF 1
#define HAVE_PUTENV 1
#define HAVE_REALLOC 1
#define HAVE_SETENV 1
#define HAVE_SETLOCALE 1
#define HAVE_SET_CONTEXT 1
#define HAVE_SIGNAL_H 1
#define HAVE_SMBCCTX 1
#define HAVE_SNPRINTF 1
#define HAVE_STDBOOL_H 1
#define HAVE_STDDEF_H 1
#define HAVE_STDINT_H 1
#define HAVE_STDINT_H 1
#define HAVE_STDINT_H 1
#define HAVE_STDINT_H_WITH_UINTMAX 1
#define HAVE_STDIO_H 1
#define HAVE_STDLIB_H 1
#define HAVE_STDLIB_H 1
#define HAVE_STDLIB_H 1
#define HAVE_STDLIB_H 1
#define HAVE_STDLIB_H 1
#define HAVE_STPCPY 1
#define HAVE_STRCASECMP 1
#define HAVE_STRDUP 1
#define HAVE_STRINGS_H 1
#define HAVE_STRING_H 1
#define HAVE_STRING_H 1
#define HAVE_STRTOUL 1
#define HAVE_SYS_FILE_H 1
#define HAVE_SYS_PARAM_H 1
#define HAVE_SYS_PARAM_H 1
#define HAVE_SYS_SOCKET_H 1
#define HAVE_SYS_STAT_H 1
#define HAVE_SYS_TIME_H 1
#define HAVE_SYS_TYPES_H 1
#define HAVE_SYS_WAIT_H 1
#define HAVE_TERMIOS_H 1
#define HAVE_TIME_H 1
#define HAVE_TSEARCH 1
#define HAVE_UINTMAX_T 1
#define HAVE_UNISTD_H 1
#define HAVE_UNISTD_H 1
#define HAVE_UNISTD_H 1
#define HAVE_UNISTD_H 1
#define HAVE_UNSIGNED_LONG_LONG 1
#define HAVE_VFORK 1
#define HAVE_WCHAR_T 1
#define HAVE_WCSLEN 1
#define HAVE_WINT_T 1
#define HAVE_WORKING_FORK 1
#define HAVE_WORKING_VFORK 1
#define HAVE___ARGZ_COUNT 1
#define HAVE___ARGZ_NEXT 1
#define HAVE___ARGZ_STRINGIFY 1
#define HAVE___FSETLOCKING 1
#define ICONV_CONST 
#define INTDIV0_RAISES_SIGFPE 1
#define LSTAT_FOLLOWS_SLASHED_SYMLINK 1
#define PACKAGE "smbc"
#define PACKAGE_BUGREPORT "rafim@data.pl"
#define PACKAGE_NAME "smbc"
#define PACKAGE_STRING "smbc 1.2.2"
#define PACKAGE_TARNAME "smbc"
#define PACKAGE_VERSION "1.2.2"
#define RETSIGTYPE void
#define STDC_HEADERS 1
#define STDC_HEADERS 1
#define VERSION "1.2.2"

configure: exit 0

## ---------------------- ##
## Running config.status. ##
## ---------------------- ##

This file was extended by smbc config.status 1.2.2, which was
generated by GNU Autoconf 2.59.  Invocation command line was

  CONFIG_FILES    = 
  CONFIG_HEADERS  = 
  CONFIG_LINKS    = 
  CONFIG_COMMANDS = 
  $ ./config.status 

on rafiml.dn

config.status:742: creating Makefile
config.status:742: creating src/Makefile
config.status:742: creating po/Makefile.in
config.status:742: creating intl/Makefile
config.status:742: creating m4/Makefile
config.status:742: creating doc/Makefile
config.status:846: creating config.h
config.status:1216: config.h is unchanged
config.status:1396: executing depfiles commands
config.status:1396: executing default-1 commands

## ---------------------- ##
## Running config.status. ##
## ---------------------- ##

This file was extended by smbc config.status 1.2.2, which was
generated by GNU Autoconf 2.59.  Invocation command line was

  CONFIG_FILES    = 
  CONFIG_HEADERS  = 
  CONFIG_LINKS    = 
  CONFIG_COMMANDS = 
  $ ./config.status config.h

on rafiml.dn

config.status:846: creating config.h
config.status:1216: config.h is unchanged
